<?xml version="1.0" encoding="UTF-8"?>
<Site BuildName="(empty)"
	BuildStamp="20230823-1609-Experimental"
	Name="klaudiusz"
	Generator="ctest-3.22.1"
	CompilerName="/usr/bin/g++"
	CompilerVersion="11.4.0"
	OSName="Linux"
	Hostname="klaudiusz"
	OSRelease="6.2.0-26-generic"
	OSVersion="#26~22.04.1-Ubuntu SMP PREEMPT_DYNAMIC Thu Jul 13 16:27:29 UTC 2"
	OSPlatform="x86_64"
	Is64Bits="1"
	VendorString="AuthenticAMD"
	VendorID="Advanced Micro Devices"
	FamilyID="23"
	ModelID="96"
	ProcessorCacheSize="512"
	NumberOfLogicalCPU="5"
	NumberOfPhysicalCPU="5"
	TotalVirtualMemory="2679"
	TotalPhysicalMemory="3906"
	LogicalProcessorsPerPhysical="1"
	ProcessorClockFrequency="2370.55"
	>
	<Testing>
		<StartDateTime>Aug 23 21:36 CEST</StartDateTime>
		<StartTestTime>1692819417</StartTestTime>
		<TestList/>
		<EndDateTime>Aug 23 21:36 CEST</EndDateTime>
		<EndTestTime>1692819418</EndTestTime>
		<ElapsedMinutes>0</ElapsedMinutes>
	</Testing>
</Site>
